0 info it worked if it ends with ok
1 verbose cli [ '/opt/bitnami/nodejs/bin/.node.bin',
1 verbose cli   '/opt/bitnami/nodejs/bin/npm',
1 verbose cli   'start' ]
2 info using npm@1.4.21
3 info using node@v0.10.31
4 verbose run-script [ 'prestart', 'start', 'poststart' ]
5 info prestart sockjs-dynamic-channels@0.0.1
6 info start sockjs-dynamic-channels@0.0.1
7 verbose unsafe-perm in lifecycle true
8 info sockjs-dynamic-channels@0.0.1 Failed to exec start script
9 error sockjs-dynamic-channels@0.0.1 start: `node app.js`
9 error Exit status 8
10 error Failed at the sockjs-dynamic-channels@0.0.1 start script.
10 error This is most likely a problem with the sockjs-dynamic-channels package,
10 error not with npm itself.
10 error Tell the author that this fails on your system:
10 error     node app.js
10 error You can get their info via:
10 error     npm owner ls sockjs-dynamic-channels
10 error There is likely additional logging output above.
11 error System Linux 3.13.0-39-generic
12 error command "/opt/bitnami/nodejs/bin/.node.bin" "/opt/bitnami/nodejs/bin/npm" "start"
13 error cwd /home/bitnami/satellite_servers/socketServer
14 error node -v v0.10.31
15 error npm -v 1.4.21
16 error code ELIFECYCLE
17 verbose exit [ 1, true ]
